#-----------------------------------------------------------
# Vivado v2018.2 (64-bit)
# SW Build 2258646 on Thu Jun 14 20:03:12 MDT 2018
# IP Build 2256618 on Thu Jun 14 22:10:49 MDT 2018
# Start of session at: Mon Dec  6 22:51:06 2021
# Process ID: 4412
# Current directory: C:/Users/goktu/Desktop/CS_303_LABS/lab_3
# Command line: vivado.exe -gui_launcher_event rodinguilauncherevent21204 C:\Users\goktu\Desktop\CS_303_LABS\lab_3\lab_3.xpr
# Log file: C:/Users/goktu/Desktop/CS_303_LABS/lab_3/vivado.log
# Journal file: C:/Users/goktu/Desktop/CS_303_LABS/lab_3\vivado.jou
#-----------------------------------------------------------
start_gui
open_project C:/Users/goktu/Desktop/CS_303_LABS/lab_3/lab_3.xpr
Scanning sources...
Finished scanning sources
INFO: [IP_Flow 19-234] Refreshing IP repositories
INFO: [IP_Flow 19-1704] No user IP repositories specified
INFO: [IP_Flow 19-2313] Loaded Vivado IP repository 'C:/Xilinx/Vivado/2018.2/data/ip'.
update_compile_order -fileset sources_1
exit
INFO: [Common 17-206] Exiting Vivado at Mon Dec  6 22:52:34 2021...
