#-----------------------------------------------------------
# Vivado v2018.2 (64-bit)
# SW Build 2258646 on Thu Jun 14 20:03:12 MDT 2018
# IP Build 2256618 on Thu Jun 14 22:10:49 MDT 2018
# Start of session at: Mon Oct 25 11:44:14 2021
# Process ID: 736
# Current directory: C:/Users/goktug/Desktop/CS 303 LABS/lab1
# Command line: vivado.exe -gui_launcher_event rodinguilauncherevent1404 C:\Users\goktug\Desktop\CS 303 LABS\lab1\lab1.xpr
# Log file: C:/Users/goktug/Desktop/CS 303 LABS/lab1/vivado.log
# Journal file: C:/Users/goktug/Desktop/CS 303 LABS/lab1\vivado.jou
#-----------------------------------------------------------
start_gui
open_project {C:/Users/goktug/Desktop/CS 303 LABS/lab1/lab1.xpr}
INFO: [Project 1-313] Project file moved from 'C:/Users/goktug/lab1' since last save.
Scanning sources...
Finished scanning sources
INFO: [IP_Flow 19-234] Refreshing IP repositories
INFO: [IP_Flow 19-1704] No user IP repositories specified
INFO: [IP_Flow 19-2313] Loaded Vivado IP repository 'C:/Xilinx/Vivado/2018.2/data/ip'.
open_project: Time (s): cpu = 00:00:08 ; elapsed = 00:00:05 . Memory (MB): peak = 760.848 ; gain = 41.836
update_compile_order -fileset sources_1
launch_simulation
INFO: [Vivado 12-5682] Launching behavioral simulation in 'C:/Users/goktug/Desktop/CS 303 LABS/lab1/lab1.sim/sim_1/behav/xsim'
INFO: [SIM-utils-51] Simulation object is 'sim_1'
INFO: [SIM-utils-54] Inspecting design source files for 'lab1_simulation' in fileset 'sim_1'...
INFO: [USF-XSim-97] Finding global include files...
INFO: [USF-XSim-98] Fetching design files from 'sim_1'...
INFO: [USF-XSim-2] XSim::Compile design
INFO: [USF-XSim-61] Executing 'COMPILE and ANALYZE' step in 'C:/Users/goktug/Desktop/CS 303 LABS/lab1/lab1.sim/sim_1/behav/xsim'
"xvlog --incr --relax -prj lab1_simulation_vlog.prj"
INFO: [VRFC 10-2263] Analyzing Verilog file "C:/Users/goktug/Desktop/CS 303 LABS/lab1/lab1.srcs/sources_1/new/lab1_source.v" into library xil_defaultlib
INFO: [VRFC 10-311] analyzing module lab1_source
INFO: [VRFC 10-2263] Analyzing Verilog file "C:/Users/goktug/Desktop/CS 303 LABS/lab1/lab1.srcs/sim_1/new/lab1_simulation.v" into library xil_defaultlib
INFO: [VRFC 10-311] analyzing module lab1_simulation
INFO: [VRFC 10-2263] Analyzing Verilog file "C:/Users/goktug/Desktop/CS 303 LABS/lab1/lab1.sim/sim_1/behav/xsim/glbl.v" into library xil_defaultlib
INFO: [VRFC 10-311] analyzing module glbl
INFO: [USF-XSim-69] 'compile' step finished in '2' seconds
INFO: [USF-XSim-3] XSim::Elaborate design
INFO: [USF-XSim-61] Executing 'ELABORATE' step in 'C:/Users/goktug/Desktop/CS 303 LABS/lab1/lab1.sim/sim_1/behav/xsim'
Vivado Simulator 2018.2
Copyright 1986-1999, 2001-2018 Xilinx, Inc. All Rights Reserved.
Running: C:/Xilinx/Vivado/2018.2/bin/unwrapped/win64.o/xelab.exe -wto 91d3b347a3f048769faed981c3ca3c25 --incr --debug typical --relax --mt 2 -L xil_defaultlib -L unisims_ver -L unimacro_ver -L secureip --snapshot lab1_simulation_behav xil_defaultlib.lab1_simulation xil_defaultlib.glbl -log elaborate.log 
Using 2 slave threads.
Starting static elaboration
Completed static elaboration
Starting simulation data flow analysis
Completed simulation data flow analysis
Time Resolution for simulation is 1ps
Compiling module xil_defaultlib.lab1_source
Compiling module xil_defaultlib.lab1_simulation
Compiling module xil_defaultlib.glbl
Built simulation snapshot lab1_simulation_behav
INFO: [USF-XSim-69] 'elaborate' step finished in '3' seconds
INFO: [USF-XSim-4] XSim::Simulate design
INFO: [USF-XSim-61] Executing 'SIMULATE' step in 'C:/Users/goktug/Desktop/CS 303 LABS/lab1/lab1.sim/sim_1/behav/xsim'
INFO: [USF-XSim-98] *** Running xsim
   with args "lab1_simulation_behav -key {Behavioral:sim_1:Functional:lab1_simulation} -tclbatch {lab1_simulation.tcl} -view {{C:/Users/goktug/Desktop/CS 303 LABS/lab1/lab1_dalga.wcfg}} -log {simulate.log}"
INFO: [USF-XSim-8] Loading simulator feature
Vivado Simulator 2018.2
Time resolution is 1 ps
open_wave_config {C:/Users/goktug/Desktop/CS 303 LABS/lab1/lab1_dalga.wcfg}
source lab1_simulation.tcl
# set curr_wave [current_wave_config]
# if { [string length $curr_wave] == 0 } {
#   if { [llength [get_objects]] > 0} {
#     add_wave /
#     set_property needs_save false [current_wave_config]
#   } else {
#      send_msg_id Add_Wave-1 WARNING "No top level signals found. Simulator will start without a wave window. If you want to open a wave window go to 'File->New Waveform Configuration' or type 'create_wave_config' in the TCL console."
#   }
# }
# run 1000ns
INFO: [USF-XSim-96] XSim completed. Design snapshot 'lab1_simulation_behav' loaded.
INFO: [USF-XSim-97] XSim simulation ran for 1000ns
launch_simulation: Time (s): cpu = 00:00:05 ; elapsed = 00:00:09 . Memory (MB): peak = 812.566 ; gain = 17.813
close_sim
INFO: [Simtcl 6-16] Simulation closed
launch_simulation
INFO: [Vivado 12-5682] Launching behavioral simulation in 'C:/Users/goktug/Desktop/CS 303 LABS/lab1/lab1.sim/sim_1/behav/xsim'
INFO: [SIM-utils-51] Simulation object is 'sim_1'
INFO: [SIM-utils-54] Inspecting design source files for 'lab1_simulation' in fileset 'sim_1'...
INFO: [USF-XSim-97] Finding global include files...
INFO: [USF-XSim-98] Fetching design files from 'sim_1'...
INFO: [USF-XSim-2] XSim::Compile design
INFO: [USF-XSim-61] Executing 'COMPILE and ANALYZE' step in 'C:/Users/goktug/Desktop/CS 303 LABS/lab1/lab1.sim/sim_1/behav/xsim'
"xvlog --incr --relax -prj lab1_simulation_vlog.prj"
INFO: [VRFC 10-2263] Analyzing Verilog file "C:/Users/goktug/Desktop/CS 303 LABS/lab1/lab1.srcs/sources_1/new/lab1_source.v" into library xil_defaultlib
INFO: [VRFC 10-311] analyzing module lab1_source
INFO: [VRFC 10-2263] Analyzing Verilog file "C:/Users/goktug/Desktop/CS 303 LABS/lab1/lab1.srcs/sim_1/new/lab1_simulation.v" into library xil_defaultlib
INFO: [VRFC 10-311] analyzing module lab1_simulation
INFO: [USF-XSim-69] 'compile' step finished in '2' seconds
INFO: [USF-XSim-3] XSim::Elaborate design
INFO: [USF-XSim-61] Executing 'ELABORATE' step in 'C:/Users/goktug/Desktop/CS 303 LABS/lab1/lab1.sim/sim_1/behav/xsim'
Vivado Simulator 2018.2
Copyright 1986-1999, 2001-2018 Xilinx, Inc. All Rights Reserved.
Running: C:/Xilinx/Vivado/2018.2/bin/unwrapped/win64.o/xelab.exe -wto 91d3b347a3f048769faed981c3ca3c25 --incr --debug typical --relax --mt 2 -L xil_defaultlib -L unisims_ver -L unimacro_ver -L secureip --snapshot lab1_simulation_behav xil_defaultlib.lab1_simulation xil_defaultlib.glbl -log elaborate.log 
Using 2 slave threads.
Starting static elaboration
Completed static elaboration
Starting simulation data flow analysis
Completed simulation data flow analysis
Time Resolution for simulation is 1ps
Compiling module xil_defaultlib.lab1_source
Compiling module xil_defaultlib.lab1_simulation
Compiling module xil_defaultlib.glbl
Built simulation snapshot lab1_simulation_behav
INFO: [USF-XSim-69] 'elaborate' step finished in '2' seconds
INFO: [USF-XSim-4] XSim::Simulate design
INFO: [USF-XSim-61] Executing 'SIMULATE' step in 'C:/Users/goktug/Desktop/CS 303 LABS/lab1/lab1.sim/sim_1/behav/xsim'
INFO: [USF-XSim-98] *** Running xsim
   with args "lab1_simulation_behav -key {Behavioral:sim_1:Functional:lab1_simulation} -tclbatch {lab1_simulation.tcl} -view {{C:/Users/goktug/Desktop/CS 303 LABS/lab1/lab1_dalga.wcfg}} -log {simulate.log}"
INFO: [USF-XSim-8] Loading simulator feature
Vivado Simulator 2018.2
Time resolution is 1 ps
open_wave_config {C:/Users/goktug/Desktop/CS 303 LABS/lab1/lab1_dalga.wcfg}
source lab1_simulation.tcl
# set curr_wave [current_wave_config]
# if { [string length $curr_wave] == 0 } {
#   if { [llength [get_objects]] > 0} {
#     add_wave /
#     set_property needs_save false [current_wave_config]
#   } else {
#      send_msg_id Add_Wave-1 WARNING "No top level signals found. Simulator will start without a wave window. If you want to open a wave window go to 'File->New Waveform Configuration' or type 'create_wave_config' in the TCL console."
#   }
# }
# run 1000ns
INFO: [USF-XSim-96] XSim completed. Design snapshot 'lab1_simulation_behav' loaded.
INFO: [USF-XSim-97] XSim simulation ran for 1000ns
launch_simulation: Time (s): cpu = 00:00:03 ; elapsed = 00:00:05 . Memory (MB): peak = 819.777 ; gain = 0.750
close_sim
INFO: [Simtcl 6-16] Simulation closed
exit
INFO: [Common 17-206] Exiting Vivado at Mon Oct 25 12:14:46 2021...
