#-----------------------------------------------------------
# Vivado v2018.2 (64-bit)
# SW Build 2258646 on Thu Jun 14 20:03:12 MDT 2018
# IP Build 2256618 on Thu Jun 14 22:10:49 MDT 2018
# Start of session at: Thu Nov 11 11:01:30 2021
# Process ID: 6336
# Current directory: C:/Users/goktug/Desktop/lab_2
# Command line: vivado.exe -gui_launcher_event rodinguilauncherevent10868 C:\Users\goktug\Desktop\lab_2\lab_2.xpr
# Log file: C:/Users/goktug/Desktop/lab_2/vivado.log
# Journal file: C:/Users/goktug/Desktop/lab_2\vivado.jou
#-----------------------------------------------------------
start_gui
open_project C:/Users/goktug/Desktop/lab_2/lab_2.xpr
Scanning sources...
Finished scanning sources
INFO: [IP_Flow 19-234] Refreshing IP repositories
INFO: [IP_Flow 19-1704] No user IP repositories specified
INFO: [IP_Flow 19-2313] Loaded Vivado IP repository 'C:/Xilinx/Vivado/2018.2/data/ip'.
update_compile_order -fileset sources_1
exit
INFO: [Common 17-206] Exiting Vivado at Thu Nov 11 11:08:55 2021...
